Build started 3/17/2015 8:57:37 PM.
     1>Project "C:\Users\Nextgen\Desktop\directx 11 projects\Atom Engine\Atom Engine\Atom Engine.vcxproj" on node 2 (Build target(s)).
     1>C:\Program Files (x86)\MSBuild\Microsoft.Cpp\v4.0\V120\Microsoft.CppBuild.targets(364,5): warning MSB8004: Output Directory does not end with a trailing slash.  This build instance will add the slash as it is required to allow proper evaluation of the Output Directory.
     1>ClCompile:
         C:\Program Files (x86)\Microsoft Visual Studio 12.0\VC\bin\CL.exe /c /Iincludes /Zi /nologo /W3 /WX- /sdl /O2 /Oi /Oy- /GL /D _MBCS /Gm- /EHsc /MD /GS /Gy /fp:precise /Zc:wchar_t /Zc:forScope /Yc"pch.h" /Fp"Atom Engine.pch" /Fo"Release\\" /Fd"Release\vc120.pdb" /Gd /TP /analyze- /errorReport:prompt pch.cpp
         pch.cpp
         C:\Program Files (x86)\Microsoft Visual Studio 12.0\VC\bin\CL.exe /c /Iincludes /Zi /nologo /W3 /WX- /sdl /O2 /Oi /Oy- /GL /D _MBCS /Gm- /EHsc /MD /GS /Gy /fp:precise /Zc:wchar_t /Zc:forScope /Yu"pch.h" /Fp"Atom Engine.pch" /Fo"Release\\" /Fd"Release\vc120.pdb" /Gd /TP /analyze- /errorReport:prompt Source\engine\graphics\D3DInit.cpp Source\engine\system\App.cpp Source\engine\system\WinWindow.cpp Source\main.cpp
         D3DInit.cpp
         App.cpp
         WinWindow.cpp
         main.cpp
       Link:
         C:\Program Files (x86)\Microsoft Visual Studio 12.0\VC\bin\link.exe /ERRORREPORT:PROMPT /OUT:"Engine\bin\Atom Engine.exe" /NOLOGO kernel32.lib user32.lib gdi32.lib winspool.lib comdlg32.lib advapi32.lib shell32.lib ole32.lib oleaut32.lib uuid.lib odbc32.lib odbccp32.lib /MANIFEST /MANIFESTUAC:"level='asInvoker' uiAccess='false'" /manifest:embed /DEBUG /PDB:"Engine\bin\Atom Engine.pdb" /OPT:REF /OPT:ICF /LTCG /TLBID:1 /DYNAMICBASE /NXCOMPAT /IMPLIB:"Engine\bin\Atom Engine.lib" /MACHINE:X86 /SAFESEH Release\pch.obj
         Release\D3DInit.obj
         Release\App.obj
         Release\WinWindow.obj
         Release\main.obj
         Generating code
         Finished generating code
         Atom Engine.vcxproj -> C:\Users\Nextgen\Desktop\directx 11 projects\Atom Engine\Atom Engine\Engine\bin\Atom Engine.exe
     1>Done Building Project "C:\Users\Nextgen\Desktop\directx 11 projects\Atom Engine\Atom Engine\Atom Engine.vcxproj" (Build target(s)).

Build succeeded.

Time Elapsed 00:00:02.04
